<?xml version="1.0" encoding="UTF-8"?>
<!-- Generated by org.testng.reporters.JUnitReportReporter -->
<testsuite skipped="0" hostname="DESKTOP-RQR7SCK" name="demo.TestNG_Demo" tests="2" failures="0" timestamp="23 Nov 2018 17:11:17 GMT" time="0.012" errors="0">
  <testcase name="test7" time="0.008" classname="demo.TestNG_Demo"/>
  <testcase name="test8" time="0.004" classname="demo.TestNG_Demo"/>
</testsuite> <!-- demo.TestNG_Demo -->
