<?xml version="1.0" encoding="UTF-8"?>
<!-- Generated by org.testng.reporters.JUnitReportReporter -->
<testsuite skipped="0" hostname="DESKTOP-RQR7SCK" name="testCases.TestCase01" tests="1" failures="0" timestamp="06 Dec 2018 15:18:01 GMT" time="42.062" errors="0">
  <testcase name="verifyLogin" time="42.062" classname="testCases.TestCase01"/>
</testsuite> <!-- testCases.TestCase01 -->
