<?xml version="1.0" encoding="UTF-8"?>
<!-- Generated by org.testng.reporters.JUnitReportReporter -->
<testsuite skipped="0" hostname="DESKTOP-RQR7SCK" name="demo.ExtentReport_Demo" tests="1" failures="0" timestamp="07 Dec 2018 18:13:35 GMT" time="1.905" errors="0">
  <testcase name="verifyHRM" time="1.905" classname="demo.ExtentReport_Demo"/>
</testsuite> <!-- demo.ExtentReport_Demo -->
