<?xml version="1.0" encoding="UTF-8"?>
<!-- Generated by org.testng.reporters.JUnitReportReporter -->
<testsuite skipped="0" hostname="DESKTOP-RQR7SCK" name="MukeshDemos.DynaicRadio" tests="1" failures="0" timestamp="26 Nov 2018 17:38:53 GMT" time="21.826" errors="0">
  <testcase name="radio" time="21.826" classname="MukeshDemos.DynaicRadio"/>
</testsuite> <!-- MukeshDemos.DynaicRadio -->
