<?xml version="1.0" encoding="UTF-8"?>
<!-- Generated by org.testng.reporters.JUnitReportReporter -->
<testsuite skipped="0" hostname="DESKTOP-RQR7SCK" name="testCases.TestCase06" tests="1" failures="0" timestamp="23 Nov 2018 17:33:25 GMT" time="8.387" errors="0">
  <testcase name="verifyLogin" time="8.387" classname="testCases.TestCase06"/>
</testsuite> <!-- testCases.TestCase06 -->
