<?xml version="1.0" encoding="UTF-8"?>
<!-- Generated by org.testng.reporters.JUnitReportReporter -->
<testsuite skipped="0" hostname="DESKTOP-RQR7SCK" name="testCases.TestCase07" tests="1" failures="0" timestamp="24 Nov 2018 07:04:21 GMT" time="19.266" errors="0">
  <testcase name="verifyLogin" time="19.266" classname="testCases.TestCase07"/>
</testsuite> <!-- testCases.TestCase07 -->
